objc[18959]: Class AXEmojiUtilities is implemented in both /Applications/Xcode.app/Contents/Developer/Platforms/iPhoneSimulator.platform/Developer/SDKs/iPhoneSimulator7.1.sdk/System/Library/PrivateFrameworks/AccessibilityUtilities.framework/AccessibilityUtilities and /Applications/Xcode.app/Contents/Developer/Platforms/iPhoneSimulator.platform/Developer/SDKs/iPhoneSimulator7.1.sdk/usr/lib/libAXSpeechManager.dylib. One of the two will be used. Which one is undefined.
2014-06-07 21:33:20.013 Example[18959:90b] Cannot find executable for CFBundle 0xb96f8d0 </Applications/Xcode.app/Contents/Developer/Platforms/iPhoneSimulator.platform/Developer/SDKs/iPhoneSimulator7.1.sdk/System/Library/AccessibilityBundles/GeoServices.axbundle> (not loaded)
2014-06-07 21:33:20.018 Example[18959:90b] Cannot find executable for CFBundle 0xb991430 </Applications/Xcode.app/Contents/Developer/Platforms/iPhoneSimulator.platform/Developer/SDKs/iPhoneSimulator7.1.sdk/System/Library/AccessibilityBundles/CertUIFramework.axbundle> (not loaded)
2014-06-07 21:33:20.066 Example[18959:90b] Multi-tasking -> Device: YES, App: YES
2014-06-07 21:33:20.178 Example[18959:90b] Unlimited access to network resources
2014-06-07 21:33:20.181 Example[18959:90b] 

Started backup to iCloud! Please be careful.
Your application might rejected by Apple if you store too much data.
For more information please read "iOS Data Storage Guidelines"
You could find it at the following address https://developer.apple.com/icloud/documentation/data-storage/ .

2014-06-07 21:33:20.383 Example[18959:90b] WARNING: The splashscreen image named Default-Portrait was not found
2014-06-07 21:33:20.384 Example[18959:90b] [CDVTimer][splashscreen] 60.795963ms
2014-06-07 21:33:20.387 Example[18959:90b] [CDVTimer][statusbar] 2.765000ms
2014-06-07 21:33:20.387 Example[18959:90b] [CDVTimer][TotalPluginStartup] 64.612985ms
2014-06-07 21:33:20.395 Example[18959:90b] WARNING: The splashscreen image named Default-Portrait was not found
2014-06-07 21:33:20.408 Example[18959:90b] WARNING: The splashscreen image named Default-Portrait was not found
2014-06-07 21:33:20.409 Example[18959:90b] WARNING: The splashscreen image named Default-Portrait was not found
2014-06-07 21:33:20.489 Example[18959:90b] Resetting plugins due to page load.
2014-06-07 21:33:20.563 Example[18959:90b] Finished load of: file:///Users/Sashank/Library/Application%20Support/iPhone%20Simulator/7.1/Applications/1B6B59EC-93AC-4C11-A26D-19F3EADC5B71/Example.app/www/index.html
objc[78762]: Class AXEmojiUtilities is implemented in both /Applications/Xcode.app/Contents/Developer/Platforms/iPhoneSimulator.platform/Developer/SDKs/iPhoneSimulator7.1.sdk/System/Library/PrivateFrameworks/AccessibilityUtilities.framework/AccessibilityUtilities and /Applications/Xcode.app/Contents/Developer/Platforms/iPhoneSimulator.platform/Developer/SDKs/iPhoneSimulator7.1.sdk/usr/lib/libAXSpeechManager.dylib. One of the two will be used. Which one is undefined.
2014-06-08 19:45:34.286 Example[78762:90b] Cannot find executable for CFBundle 0xf836c70 </Applications/Xcode.app/Contents/Developer/Platforms/iPhoneSimulator.platform/Developer/SDKs/iPhoneSimulator7.1.sdk/System/Library/AccessibilityBundles/GeoServices.axbundle> (not loaded)
2014-06-08 19:45:34.292 Example[78762:90b] Cannot find executable for CFBundle 0xa52a9d0 </Applications/Xcode.app/Contents/Developer/Platforms/iPhoneSimulator.platform/Developer/SDKs/iPhoneSimulator7.1.sdk/System/Library/AccessibilityBundles/CertUIFramework.axbundle> (not loaded)
2014-06-08 19:45:34.339 Example[78762:90b] Multi-tasking -> Device: YES, App: YES
2014-06-08 19:45:34.423 Example[78762:90b] Unlimited access to network resources
2014-06-08 19:45:34.425 Example[78762:90b] 

Started backup to iCloud! Please be careful.
Your application might rejected by Apple if you store too much data.
For more information please read "iOS Data Storage Guidelines"
You could find it at the following address https://developer.apple.com/icloud/documentation/data-storage/ .

2014-06-08 19:45:34.625 Example[78762:90b] WARNING: The splashscreen image named Default-Portrait was not found
2014-06-08 19:45:34.625 Example[78762:90b] [CDVTimer][splashscreen] 58.349013ms
2014-06-08 19:45:34.628 Example[78762:90b] [CDVTimer][statusbar] 1.715004ms
2014-06-08 19:45:34.628 Example[78762:90b] [CDVTimer][TotalPluginStartup] 60.732007ms
2014-06-08 19:45:34.631 Example[78762:90b] WARNING: The splashscreen image named Default-Portrait was not found
2014-06-08 19:45:34.643 Example[78762:90b] WARNING: The splashscreen image named Default-Portrait was not found
2014-06-08 19:45:34.645 Example[78762:90b] WARNING: The splashscreen image named Default-Portrait was not found
2014-06-08 19:45:34.715 Example[78762:90b] Resetting plugins due to page load.
2014-06-08 19:45:34.805 Example[78762:90b] Finished load of: file:///Users/Sashank/Library/Application%20Support/iPhone%20Simulator/7.1/Applications/1B6B59EC-93AC-4C11-A26D-19F3EADC5B71/Example.app/www/index.html
